STEP translation to Solid Edge
Date: måndag,juni 05,2023 02:27
Source File: C:\Users\Ludwig\Desktop\MF2019\Project\23-06-02\Parts\ESC\esc4in1.STEP
Author: Unknown
Organization: Unknown
Source System: SolidWorks 2018

Hardware:
Processor: Intel(R) Core(TM) i7-3770K CPU @ 3.50GHz
Operating System: Windows 10
Installed Memory: 15.94 GB

Software Information
Parasolid Version: 34.0.153
PSBodyShop Version: 34.0.110
Step Adapter Version: 9.0.92
Solid Edge Version: 222.00.00.132 x64

Step Import Options
Import Faceted Bodies: On
Import Check Bodies: Off
Import Curves: On
Import DoNotSave: On
Import Multiple Bodies As Single Part File: On
Import Stitch Surfaces: On
Import Boolean Solids: On
Make Base Feature: On
Simplify Geometry: On
Import Imprint Curves: On
Import Drive: C:
Import Stitch Surfaces: On
Import Surfaces: On
Import Output Path: C:\Users\Ludwig\Desktop\MF2019\Project\23-06-02\Parts\ESC
Import Enable Default Output Path: On
Import PMI: Off
Import As Internal Components: Off
Import Path: 

Translating to Parasolid data types...
Placing C:\Users\Ludwig\Desktop\MF2019\Project\23-06-02\Parts\ESC\esc4in1_1.par
Translation process completed
Total time required to translate and post process:00 : 00 : 12
