STEP translation to Solid Edge
Date: fredag,maj 12,2023 11:49
Source File: C:\Users\Ludwig\Desktop\MF2019\Project\Parts\MCU\ESP-32_v1.STEP
Author: Unknown
Organization: Unknown
Source System: SolidWorks 2016

Hardware:
Processor: Intel(R) Core(TM) i7-3770K CPU @ 3.50GHz
Operating System: Windows 10
Installed Memory: 15.94 GB

Software Information
Parasolid Version: 31.1.255
PSBodyShop Version: 31.1.110
Step Adapter Version: 5.0.48
Solid Edge Version: 220.00.00.104 x64

Step Import Options
Import Faceted Bodies: On
Import Check Bodies: Off
Import Curves: On
Import DoNotSave: On
Import Multiple Bodies As Single Part File: On
Import Stitch Surfaces: On
Import Boolean Solids: On
Make Base Feature: On
Simplify Geometry: On
Import Imprint Curves: On
Import Drive: C:
Import Stitch Surfaces: On
Import Surfaces: On
Import Output Path: C:\Users\Ludwig\Desktop\MF2019\Project\Parts\MCU
Import Enable Default Output Path: On
Import PMI: Off
Import Path: 

Translating to Parasolid data types...
+Begin Assembly: 1
+Created SE Assembly File C:\Users\Ludwig\Desktop\MF2019\Project\Parts\MCU\ESP-32_v1.asm
|--+Created SE Part File C:\Users\Ludwig\Desktop\MF2019\Project\Parts\MCU\6.ESP-32_Predeterminado.par
|--+Created SE Part File C:\Users\Ludwig\Desktop\MF2019\Project\Parts\MCU\micro_usb_47346-0001.par
|--+Created SE Part File C:\Users\Ludwig\Desktop\MF2019\Project\Parts\MCU\KiCAD-ESP-WROOM-32_Predeterminado.par
+Total Parts: 6
+Assemblies: 0
+Solid Bodies: 6
+Sheet Bodies: 0
+End Assembly: 1
Translation process completed
Total time required to translate and post process:00 : 00 : 12
